<?xml version="1.0" encoding="UTF-8"?>
<robot generator="Robot 7.0 (Python 3.12.1 on win32)" generated="2024-03-18T19:55:50.741156" rpa="false" schemaversion="5">
<suite id="s1" name="Signup" source="c:\workspace\QAx\Cursos-qax\robot-discover\walkdog-robot\tests\signup.robot">
<test id="s1-t1" name="Não deve cadastrar se os campos obrigatórios não forem preenchidos" line="31">
<kw name="Start Session" owner="base">
<kw name="New Browser" owner="Browser">
<msg time="2024-03-18T19:55:52.274320" level="INFO">{"browser": "chromium", "headless": false, "chromiumSandbox": false, "devtools": false, "handleSIGHUP": true, "handleSIGINT": true, "handleSIGTERM": true, "slowMo": 0.0, "timeout": 30000.0, "tracesDir": "C:\\workspace\\QAx\\Cursos-qax\\robot-discover\\walkdog-robot\\browser\\traces\\5edc0a55-f551-4ffc-bc90-aa6afad64ceb"}</msg>
<msg time="2024-03-18T19:55:53.357414" level="INFO">Successfully created browser with options: {"browser":"chromium","headless":false,"chromiumSandbox":false,"devtools":false,"handleSIGHUP":true,"handleSIGINT":true,"handleSIGTERM":true,"slowMo":0,"timeout":30000,"tracesDir":"C:\\workspace\\QAx\\Cursos-qax\\robot-discover\\walkdog-robot\\browser\\traces\\5edc0a55-f551-4ffc-bc90-aa6afad64ceb"}</msg>
<arg>browser=chromium</arg>
<arg>headless=${False}</arg>
<tag>BrowserControl</tag>
<tag>Setter</tag>
<doc>Create a new playwright Browser with specified options.</doc>
<status status="PASS" start="2024-03-18T19:55:52.273322" elapsed="1.085090"/>
</kw>
<kw name="New Page" owner="Browser">
<msg time="2024-03-18T19:55:55.689174" level="INFO">Successfully initialized new page object and opened url: https://walkdog.vercel.app/</msg>
<msg time="2024-03-18T19:55:55.689174" level="INFO">No context was open. New context was automatically opened when this page is created.</msg>
<arg>https://walkdog.vercel.app/</arg>
<tag>BrowserControl</tag>
<tag>Setter</tag>
<doc>Open a new Page.</doc>
<status status="PASS" start="2024-03-18T19:55:53.359412" elapsed="2.330757"/>
</kw>
<kw name="Wait For Elements State" owner="Browser">
<msg time="2024-03-18T19:55:55.762536" level="INFO">Waited for Element with selector css=h1 &gt;&gt; text=Cuidado e diversão em cada passo at state visible</msg>
<arg>css=h1 &gt;&gt; text=Cuidado e diversão em cada passo</arg>
<arg>visible</arg>
<arg>5</arg>
<tag>PageContent</tag>
<tag>Wait</tag>
<doc>Waits for the element found by ``selector`` to satisfy state option.</doc>
<status status="PASS" start="2024-03-18T19:55:55.690169" elapsed="0.072367"/>
</kw>
<status status="PASS" start="2024-03-18T19:55:52.272299" elapsed="3.491236"/>
</kw>
<kw name="Go to signup page" owner="signup">
<kw name="Click" owner="Browser">
<arg>css=a[href="/signup"]</arg>
<tag>PageContent</tag>
<tag>Setter</tag>
<doc>Simulates mouse click on the element found by ``selector``.</doc>
<status status="PASS" start="2024-03-18T19:55:55.765533" elapsed="0.177633"/>
</kw>
<kw name="Wait For Elements State" owner="Browser">
<msg time="2024-03-18T19:55:55.966669" level="INFO">Waited for Element with selector form h1 at state visible</msg>
<arg>form h1</arg>
<arg>visible</arg>
<arg>5000</arg>
<tag>PageContent</tag>
<tag>Wait</tag>
<doc>Waits for the element found by ``selector`` to satisfy state option.</doc>
<status status="PASS" start="2024-03-18T19:55:55.944165" elapsed="0.024499"/>
</kw>
<kw name="Get Text" owner="Browser">
<msg time="2024-03-18T19:55:56.050029" level="INFO">Text: 'Faça seu cadastro'</msg>
<arg>form h1</arg>
<arg>equal</arg>
<arg>Faça seu cadastro</arg>
<tag>Assertion</tag>
<tag>Getter</tag>
<tag>PageContent</tag>
<doc>Returns text attribute of the element found by ``selector``.</doc>
<status status="PASS" start="2024-03-18T19:55:55.968664" elapsed="0.081365"/>
</kw>
<status status="PASS" start="2024-03-18T19:55:55.764533" elapsed="0.286494"/>
</kw>
<kw name="Submit signup form" owner="signup">
<kw name="Click" owner="Browser">
<arg>css=.button-register</arg>
<tag>PageContent</tag>
<tag>Setter</tag>
<doc>Simulates mouse click on the element found by ``selector``.</doc>
<status status="PASS" start="2024-03-18T19:55:56.054025" elapsed="0.101073"/>
</kw>
<status status="PASS" start="2024-03-18T19:55:56.053026" elapsed="0.103072"/>
</kw>
<kw name="Alert should be" owner="signup">
<kw name="Wait For Elements State" owner="Browser">
<msg time="2024-03-18T19:55:56.179833" level="INFO">Waited for Element with selector css=.alert-error &gt;&gt; text=Informe o seu nome completo at state visible</msg>
<arg>css=.alert-error &gt;&gt; text=${expected_text}</arg>
<arg>visible</arg>
<arg>5</arg>
<tag>PageContent</tag>
<tag>Wait</tag>
<doc>Waits for the element found by ``selector`` to satisfy state option.</doc>
<status status="PASS" start="2024-03-18T19:55:56.158846" elapsed="0.020987"/>
</kw>
<arg>Informe o seu nome completo</arg>
<status status="PASS" start="2024-03-18T19:55:56.157143" elapsed="0.023689"/>
</kw>
<kw name="Alert should be" owner="signup">
<kw name="Wait For Elements State" owner="Browser">
<msg time="2024-03-18T19:55:56.202332" level="INFO">Waited for Element with selector css=.alert-error &gt;&gt; text=Informe o seu melhor email at state visible</msg>
<arg>css=.alert-error &gt;&gt; text=${expected_text}</arg>
<arg>visible</arg>
<arg>5</arg>
<tag>PageContent</tag>
<tag>Wait</tag>
<doc>Waits for the element found by ``selector`` to satisfy state option.</doc>
<status status="PASS" start="2024-03-18T19:55:56.185343" elapsed="0.017989"/>
</kw>
<arg>Informe o seu melhor email</arg>
<status status="PASS" start="2024-03-18T19:55:56.184343" elapsed="0.019989"/>
</kw>
<kw name="Alert should be" owner="signup">
<kw name="Wait For Elements State" owner="Browser">
<msg time="2024-03-18T19:55:56.231316" level="INFO">Waited for Element with selector css=.alert-error &gt;&gt; text=Informe o seu cpf at state visible</msg>
<arg>css=.alert-error &gt;&gt; text=${expected_text}</arg>
<arg>visible</arg>
<arg>5</arg>
<tag>PageContent</tag>
<tag>Wait</tag>
<doc>Waits for the element found by ``selector`` to satisfy state option.</doc>
<status status="PASS" start="2024-03-18T19:55:56.214327" elapsed="0.017990"/>
</kw>
<arg>Informe o seu cpf</arg>
<status status="PASS" start="2024-03-18T19:55:56.213327" elapsed="0.018990"/>
</kw>
<kw name="Alert should be" owner="signup">
<kw name="Wait For Elements State" owner="Browser">
<msg time="2024-03-18T19:55:56.256302" level="INFO">Waited for Element with selector css=.alert-error &gt;&gt; text=Informe o seu cep at state visible</msg>
<arg>css=.alert-error &gt;&gt; text=${expected_text}</arg>
<arg>visible</arg>
<arg>5</arg>
<tag>PageContent</tag>
<tag>Wait</tag>
<doc>Waits for the element found by ``selector`` to satisfy state option.</doc>
<status status="PASS" start="2024-03-18T19:55:56.234315" elapsed="0.021987"/>
</kw>
<arg>Informe o seu cep</arg>
<status status="PASS" start="2024-03-18T19:55:56.233315" elapsed="0.023988"/>
</kw>
<kw name="Alert should be" owner="signup">
<kw name="Wait For Elements State" owner="Browser">
<msg time="2024-03-18T19:55:56.281254" level="INFO">Waited for Element with selector css=.alert-error &gt;&gt; text=Informe um número maior que zero at state visible</msg>
<arg>css=.alert-error &gt;&gt; text=${expected_text}</arg>
<arg>visible</arg>
<arg>5</arg>
<tag>PageContent</tag>
<tag>Wait</tag>
<doc>Waits for the element found by ``selector`` to satisfy state option.</doc>
<status status="PASS" start="2024-03-18T19:55:56.262298" elapsed="0.018956"/>
</kw>
<arg>Informe um número maior que zero</arg>
<status status="PASS" start="2024-03-18T19:55:56.261299" elapsed="0.020955"/>
</kw>
<kw name="Alert should be" owner="signup">
<kw name="Wait For Elements State" owner="Browser">
<msg time="2024-03-18T19:55:56.303242" level="INFO">Waited for Element with selector css=.alert-error &gt;&gt; text=Adcione um documento com foto (RG ou CHN) at state visible</msg>
<arg>css=.alert-error &gt;&gt; text=${expected_text}</arg>
<arg>visible</arg>
<arg>5</arg>
<tag>PageContent</tag>
<tag>Wait</tag>
<doc>Waits for the element found by ``selector`` to satisfy state option.</doc>
<status status="PASS" start="2024-03-18T19:55:56.285252" elapsed="0.018990"/>
</kw>
<arg>Adcione um documento com foto (RG ou CHN)</arg>
<status status="PASS" start="2024-03-18T19:55:56.284253" elapsed="0.019989"/>
</kw>
<kw name="Finish Session" owner="base">
<kw name="Take Screenshot" owner="Browser">
<msg time="2024-03-18T19:55:56.697045" level="INFO" html="true">&lt;/td&gt;&lt;/tr&gt;&lt;tr&gt;&lt;td colspan="3"&gt;&lt;a href="browser/screenshot/robotframework-browser-screenshot-1.png" target="_blank"&gt;&lt;img src="browser/screenshot/robotframework-browser-screenshot-1.png" width="800px"/&gt;&lt;/a&gt;</msg>
<arg>fullPage=True</arg>
<tag>PageContent</tag>
<doc>Takes a screenshot of the current window or element and saves it to disk.</doc>
<status status="PASS" start="2024-03-18T19:55:56.308241" elapsed="0.388804"/>
</kw>
<status status="PASS" start="2024-03-18T19:55:56.307239" elapsed="0.390806"/>
</kw>
<tag>required</tag>
<status status="PASS" start="2024-03-18T19:55:52.265306" elapsed="4.434739"/>
</test>
<doc>Suite de testes de cadastro de dog walker</doc>
<status status="PASS" start="2024-03-18T19:55:50.751156" elapsed="6.119851"/>
</suite>
<statistics>
<total>
<stat pass="1" fail="0" skip="0">All Tests</stat>
</total>
<tag>
<stat pass="1" fail="0" skip="0">required</stat>
</tag>
<suite>
<stat pass="1" fail="0" skip="0" id="s1" name="Signup">Signup</stat>
</suite>
</statistics>
<errors>
</errors>
</robot>
