<?xml version="1.0" encoding="UTF-8"?>
<robot generator="Robot 7.0 (Python 3.12.1 on win32)" generated="2024-01-19T18:59:30.581216" rpa="false" schemaversion="5">
<suite id="s1" name="Signup" source="C:\workspace\QAx\Cursos-qax\robot-discover\walkdog-robot\signup.robot">
<test id="s1-t1" name="Deve poder cadastrar um novo dog walker" line="10">
<kw name="Set Variable" owner="BuiltIn">
<msg time="2024-01-19T18:59:32.064236" level="INFO">${name} = Fernando Papito</msg>
<var>${name}</var>
<arg>Fernando Papito</arg>
<doc>Returns the given values which can then be assigned to a variables.</doc>
<status status="PASS" start="2024-01-19T18:59:32.064236" elapsed="0.000000"/>
</kw>
<kw name="Set Variable" owner="BuiltIn">
<msg time="2024-01-19T18:59:32.064236" level="INFO">${email} = fernandopapito@gmail.com</msg>
<var>${email}</var>
<arg>fernandopapito@gmail.com</arg>
<doc>Returns the given values which can then be assigned to a variables.</doc>
<status status="PASS" start="2024-01-19T18:59:32.064236" elapsed="0.000000"/>
</kw>
<kw name="Set Variable" owner="BuiltIn">
<msg time="2024-01-19T18:59:32.064236" level="INFO">${cpf} = 00000014141</msg>
<var>${cpf}</var>
<arg>00000014141</arg>
<doc>Returns the given values which can then be assigned to a variables.</doc>
<status status="PASS" start="2024-01-19T18:59:32.064236" elapsed="0.000000"/>
</kw>
<kw name="Set Variable" owner="BuiltIn">
<msg time="2024-01-19T18:59:32.064236" level="INFO">${cep} = 04534011</msg>
<var>${cep}</var>
<arg>04534011</arg>
<doc>Returns the given values which can then be assigned to a variables.</doc>
<status status="PASS" start="2024-01-19T18:59:32.064236" elapsed="0.000000"/>
</kw>
<kw name="Set Variable" owner="BuiltIn">
<msg time="2024-01-19T18:59:32.064236" level="INFO">${addressNumber} = 1000</msg>
<var>${addressNumber}</var>
<arg>1000</arg>
<doc>Returns the given values which can then be assigned to a variables.</doc>
<status status="PASS" start="2024-01-19T18:59:32.064236" elapsed="0.000000"/>
</kw>
<kw name="Set Variable" owner="BuiltIn">
<msg time="2024-01-19T18:59:32.064236" level="INFO">${addressDetails} = Apto 28</msg>
<var>${addressDetails}</var>
<arg>Apto 28</arg>
<doc>Returns the given values which can then be assigned to a variables.</doc>
<status status="PASS" start="2024-01-19T18:59:32.064236" elapsed="0.000000"/>
</kw>
<kw name="New Browser" owner="Browser">
<msg time="2024-01-19T18:59:32.064236" level="INFO">{"browser": "chromium", "headless": false, "chromiumSandbox": false, "devtools": false, "handleSIGHUP": true, "handleSIGINT": true, "handleSIGTERM": true, "slowMo": 0.0, "timeout": 30000.0, "tracesDir": "C:\\workspace\\QAx\\Cursos-qax\\robot-discover\\walkdog-robot\\logs\\browser\\traces\\238a3bdd-10f6-4860-943f-c63ec1f7767a"}</msg>
<msg time="2024-01-19T18:59:32.957224" level="INFO">Successfully created browser with options: {"browser":"chromium","headless":false,"chromiumSandbox":false,"devtools":false,"handleSIGHUP":true,"handleSIGINT":true,"handleSIGTERM":true,"slowMo":0,"timeout":30000,"tracesDir":"C:\\workspace\\QAx\\Cursos-qax\\robot-discover\\walkdog-robot\\logs\\browser\\traces\\238a3bdd-10f6-4860-943f-c63ec1f7767a"}</msg>
<arg>browser=chromium</arg>
<arg>headless=${False}</arg>
<tag>BrowserControl</tag>
<tag>Setter</tag>
<doc>Create a new playwright Browser with specified options.</doc>
<status status="PASS" start="2024-01-19T18:59:32.064236" elapsed="0.892988"/>
</kw>
<kw name="New Page" owner="Browser">
<msg time="2024-01-19T18:59:34.316969" level="INFO">Successfully initialized new page object and opened url: https://walkdog.vercel.app/signup</msg>
<msg time="2024-01-19T18:59:34.316969" level="INFO">No context was open. New context was automatically opened when this page is created.</msg>
<arg>https://walkdog.vercel.app/signup</arg>
<tag>BrowserControl</tag>
<tag>Setter</tag>
<doc>Open a new Page.</doc>
<status status="PASS" start="2024-01-19T18:59:33.013191" elapsed="1.303778"/>
</kw>
<kw name="Wait For Elements State" owner="Browser">
<msg time="2024-01-19T18:59:34.388732" level="INFO">Waited for Element with selector form h1 at state visible</msg>
<arg>form h1</arg>
<arg>visible</arg>
<arg>5000</arg>
<tag>PageContent</tag>
<tag>Wait</tag>
<doc>Waits for the element found by ``selector`` to satisfy state option.</doc>
<status status="PASS" start="2024-01-19T18:59:34.317968" elapsed="0.071764"/>
</kw>
<kw name="Get Text" owner="Browser">
<msg time="2024-01-19T18:59:34.444559" level="INFO">Text: 'Faça seu cadastro'</msg>
<arg>form h1</arg>
<arg>equal</arg>
<arg>Faça seu cadastro</arg>
<tag>Assertion</tag>
<tag>Getter</tag>
<tag>PageContent</tag>
<doc>Returns text attribute of the element found by ``selector``.</doc>
<status status="PASS" start="2024-01-19T18:59:34.389732" elapsed="0.054827"/>
</kw>
<kw name="Fill Text" owner="Browser">
<msg time="2024-01-19T18:59:34.446560" level="INFO">Fills the text 'Fernando Papito' in the given field.</msg>
<arg>css=input[name=name]</arg>
<arg>${name}</arg>
<tag>PageContent</tag>
<tag>Setter</tag>
<doc>Clears and fills the given ``txt`` into the text field found by ``selector``.</doc>
<status status="PASS" start="2024-01-19T18:59:34.445560" elapsed="0.044498"/>
</kw>
<kw name="Fill Text" owner="Browser">
<msg time="2024-01-19T18:59:34.490058" level="INFO">Fills the text 'fernandopapito@gmail.com' in the given field.</msg>
<arg>css=input[name=email]</arg>
<arg>${email}</arg>
<tag>PageContent</tag>
<tag>Setter</tag>
<doc>Clears and fills the given ``txt`` into the text field found by ``selector``.</doc>
<status status="PASS" start="2024-01-19T18:59:34.490058" elapsed="0.038420"/>
</kw>
<kw name="Fill Text" owner="Browser">
<msg time="2024-01-19T18:59:34.530475" level="INFO">Fills the text '00000014141' in the given field.</msg>
<arg>css=input[name=cpf]</arg>
<arg>${cpf}</arg>
<tag>PageContent</tag>
<tag>Setter</tag>
<doc>Clears and fills the given ``txt`` into the text field found by ``selector``.</doc>
<status status="PASS" start="2024-01-19T18:59:34.529478" elapsed="0.020699"/>
</kw>
<kw name="Fill Text" owner="Browser">
<msg time="2024-01-19T18:59:34.550177" level="INFO">Fills the text '04534011' in the given field.</msg>
<arg>css=input[name=cep]</arg>
<arg>${cep}</arg>
<tag>PageContent</tag>
<tag>Setter</tag>
<doc>Clears and fills the given ``txt`` into the text field found by ``selector``.</doc>
<status status="PASS" start="2024-01-19T18:59:34.550177" elapsed="0.046150"/>
</kw>
<kw name="Fill Text" owner="Browser">
<msg time="2024-01-19T18:59:34.598324" level="INFO">Fills the text '1000' in the given field.</msg>
<arg>css=input[name=addressNumber]</arg>
<arg>${addressNumber}</arg>
<tag>PageContent</tag>
<tag>Setter</tag>
<doc>Clears and fills the given ``txt`` into the text field found by ``selector``.</doc>
<status status="PASS" start="2024-01-19T18:59:34.596327" elapsed="0.035151"/>
</kw>
<kw name="Fill Text" owner="Browser">
<msg time="2024-01-19T18:59:34.633510" level="INFO">Fills the text 'Apto 28' in the given field.</msg>
<arg>css=input[name=addressDetails]</arg>
<arg>${addressDetails}</arg>
<tag>PageContent</tag>
<tag>Setter</tag>
<doc>Clears and fills the given ``txt`` into the text field found by ``selector``.</doc>
<status status="PASS" start="2024-01-19T18:59:34.632508" elapsed="0.035980"/>
</kw>
<kw name="Sleep" owner="BuiltIn">
<msg time="2024-01-19T18:59:44.670248" level="INFO">Slept 10 seconds.</msg>
<arg>10 seconds</arg>
<doc>Pauses the test executed for the given time.</doc>
<status status="PASS" start="2024-01-19T18:59:34.668488" elapsed="10.001760"/>
</kw>
<status status="PASS" start="2024-01-19T18:59:32.048613" elapsed="12.622639"/>
</test>
<doc>Suite de testes de cadastro de dog walker</doc>
<status status="PASS" start="2024-01-19T18:59:30.581216" elapsed="14.236919"/>
</suite>
<statistics>
<total>
<stat pass="1" fail="0" skip="0">All Tests</stat>
</total>
<tag>
</tag>
<suite>
<stat pass="1" fail="0" skip="0" id="s1" name="Signup">Signup</stat>
</suite>
</statistics>
<errors>
</errors>
</robot>
