<?xml version="1.0" encoding="UTF-8"?>
<robot generator="Robot 7.0 (Python 3.12.1 on win32)" generated="2024-03-18T18:46:28.093791" rpa="false" schemaversion="5">
<suite id="s1" name="Signup" source="c:\workspace\QAx\Cursos-qax\robot-discover\walkdog-robot\signup.robot">
<test id="s1-t1" name="Deve poder cadastrar um novo dog walker" line="10">
<kw name="Create Dictionary" owner="BuiltIn">
<msg time="2024-03-18T18:46:30.468473" level="INFO">${dog_walker} = {'name': 'Fernando Papito', 'email': 'fernandopapito@gmail.com', 'cpf': '00000014141', 'cep': '04534011', 'street': 'Rua Joaquim Floriano', 'district': 'Itaim Bibi', 'city_uf': 'São Paulo/SP', 'number...</msg>
<var>${dog_walker}</var>
<arg>name=Fernando Papito</arg>
<arg>email=fernandopapito@gmail.com</arg>
<arg>cpf=00000014141</arg>
<arg>cep=04534011</arg>
<arg>street=Rua Joaquim Floriano</arg>
<arg>district=Itaim Bibi</arg>
<arg>city_uf=São Paulo/SP</arg>
<arg>number=1000</arg>
<arg>details=Apto 28</arg>
<arg>cnh=toretto.jpg</arg>
<doc>Creates and returns a dictionary based on the given ``items``.</doc>
<status status="PASS" start="2024-03-18T18:46:30.466475" elapsed="0.004999"/>
</kw>
<kw name="Go to signup page">
<kw name="New Browser" owner="Browser">
<msg time="2024-03-18T18:46:30.478469" level="INFO">{"browser": "chromium", "headless": false, "chromiumSandbox": false, "devtools": false, "handleSIGHUP": true, "handleSIGINT": true, "handleSIGTERM": true, "slowMo": 0.0, "timeout": 30000.0, "tracesDir": "C:\\workspace\\QAx\\Cursos-qax\\robot-discover\\walkdog-robot\\browser\\traces\\2e667151-e985-4fea-abe7-cc08cb66acbe"}</msg>
<msg time="2024-03-18T18:46:34.115919" level="INFO">Successfully created browser with options: {"browser":"chromium","headless":false,"chromiumSandbox":false,"devtools":false,"handleSIGHUP":true,"handleSIGINT":true,"handleSIGTERM":true,"slowMo":0,"timeout":30000,"tracesDir":"C:\\workspace\\QAx\\Cursos-qax\\robot-discover\\walkdog-robot\\browser\\traces\\2e667151-e985-4fea-abe7-cc08cb66acbe"}</msg>
<arg>browser=chromium</arg>
<arg>headless=${False}</arg>
<tag>BrowserControl</tag>
<tag>Setter</tag>
<doc>Create a new playwright Browser with specified options.</doc>
<status status="PASS" start="2024-03-18T18:46:30.477469" elapsed="3.639449"/>
</kw>
<kw name="New Page" owner="Browser">
<msg time="2024-03-18T18:46:36.425904" level="INFO">Successfully initialized new page object and opened url: https://walkdog.vercel.app/signup</msg>
<msg time="2024-03-18T18:46:36.425904" level="INFO">No context was open. New context was automatically opened when this page is created.</msg>
<arg>https://walkdog.vercel.app/signup</arg>
<tag>BrowserControl</tag>
<tag>Setter</tag>
<doc>Open a new Page.</doc>
<status status="PASS" start="2024-03-18T18:46:34.117916" elapsed="2.308989"/>
</kw>
<kw name="Wait For Elements State" owner="Browser">
<msg time="2024-03-18T18:46:36.496954" level="INFO">Waited for Element with selector form h1 at state visible</msg>
<arg>form h1</arg>
<arg>visible</arg>
<arg>5000</arg>
<tag>PageContent</tag>
<tag>Wait</tag>
<doc>Waits for the element found by ``selector`` to satisfy state option.</doc>
<status status="PASS" start="2024-03-18T18:46:36.427901" elapsed="0.069053"/>
</kw>
<kw name="Get Text" owner="Browser">
<msg time="2024-03-18T18:46:36.548927" level="INFO">Text: 'Faça seu cadastro'</msg>
<arg>form h1</arg>
<arg>equal</arg>
<arg>Faça seu cadastro</arg>
<tag>Assertion</tag>
<tag>Getter</tag>
<tag>PageContent</tag>
<doc>Returns text attribute of the element found by ``selector``.</doc>
<status status="PASS" start="2024-03-18T18:46:36.497954" elapsed="0.050973"/>
</kw>
<status status="PASS" start="2024-03-18T18:46:30.475471" elapsed="6.073456"/>
</kw>
<kw name="Fill to signup form">
<kw name="Fill Text" owner="Browser">
<msg time="2024-03-18T18:46:36.552925" level="INFO">Fills the text 'Fernando Papito' in the given field.</msg>
<arg>css=input[name=name]</arg>
<arg>${dog_walker}[name]</arg>
<tag>PageContent</tag>
<tag>Setter</tag>
<doc>Clears and fills the given ``txt`` into the text field found by ``selector``.</doc>
<status status="PASS" start="2024-03-18T18:46:36.550924" elapsed="0.060965"/>
</kw>
<kw name="Fill Text" owner="Browser">
<msg time="2024-03-18T18:46:36.613887" level="INFO">Fills the text 'fernandopapito@gmail.com' in the given field.</msg>
<arg>css=input[name=email]</arg>
<arg>${dog_walker}[email]</arg>
<tag>PageContent</tag>
<tag>Setter</tag>
<doc>Clears and fills the given ``txt`` into the text field found by ``selector``.</doc>
<status status="PASS" start="2024-03-18T18:46:36.612889" elapsed="0.038980"/>
</kw>
<kw name="Fill Text" owner="Browser">
<msg time="2024-03-18T18:46:36.653864" level="INFO">Fills the text '00000014141' in the given field.</msg>
<arg>css=input[name=cpf]</arg>
<arg>${dog_walker}[cpf]</arg>
<tag>PageContent</tag>
<tag>Setter</tag>
<doc>Clears and fills the given ``txt`` into the text field found by ``selector``.</doc>
<status status="PASS" start="2024-03-18T18:46:36.652865" elapsed="0.047974"/>
</kw>
<kw name="Fill Text" owner="Browser">
<msg time="2024-03-18T18:46:36.702836" level="INFO">Fills the text '04534011' in the given field.</msg>
<arg>css=input[name=cep]</arg>
<arg>${dog_walker}[cep]</arg>
<tag>PageContent</tag>
<tag>Setter</tag>
<doc>Clears and fills the given ``txt`` into the text field found by ``selector``.</doc>
<status status="PASS" start="2024-03-18T18:46:36.701839" elapsed="0.036977"/>
</kw>
<kw name="Click" owner="Browser">
<arg>css=input[type=button][value$=CEP]</arg>
<tag>PageContent</tag>
<tag>Setter</tag>
<doc>Simulates mouse click on the element found by ``selector``.</doc>
<status status="PASS" start="2024-03-18T18:46:36.738816" elapsed="0.071975"/>
</kw>
<kw name="Get Property" owner="Browser">
<msg time="2024-03-18T18:46:37.253330" level="INFO">Property: 'Rua Joaquim Floriano'</msg>
<arg>css=input[name=addressStreet]</arg>
<arg>value</arg>
<arg>equal</arg>
<arg>${dog_walker}[street]</arg>
<tag>Assertion</tag>
<tag>Getter</tag>
<tag>PageContent</tag>
<doc>Returns the ``property`` of the element found by ``selector``.</doc>
<status status="PASS" start="2024-03-18T18:46:36.811790" elapsed="0.442801"/>
</kw>
<kw name="Get Property" owner="Browser">
<msg time="2024-03-18T18:46:37.288289" level="INFO">Property: 'Itaim Bibi'</msg>
<arg>css=input[name=addressDistrict]</arg>
<arg>value</arg>
<arg>equal</arg>
<arg>${dog_walker}[district]</arg>
<tag>Assertion</tag>
<tag>Getter</tag>
<tag>PageContent</tag>
<doc>Returns the ``property`` of the element found by ``selector``.</doc>
<status status="PASS" start="2024-03-18T18:46:37.254591" elapsed="0.034697"/>
</kw>
<kw name="Get Property" owner="Browser">
<msg time="2024-03-18T18:46:37.321269" level="INFO">Property: 'São Paulo/SP'</msg>
<arg>css=input[name=addressCityUf]</arg>
<arg>value</arg>
<arg>equal</arg>
<arg>${dog_walker}[city_uf]</arg>
<tag>Assertion</tag>
<tag>Getter</tag>
<tag>PageContent</tag>
<doc>Returns the ``property`` of the element found by ``selector``.</doc>
<status status="PASS" start="2024-03-18T18:46:37.290286" elapsed="0.030983"/>
</kw>
<kw name="Upload File By Selector" owner="Browser">
<arg>css=input[type=file]</arg>
<arg>${EXECDIR}/${dog_walker}[cnh]</arg>
<tag>PageContent</tag>
<tag>Setter</tag>
<doc>Uploads file from `path` to file input element matched by selector.</doc>
<status status="PASS" start="2024-03-18T18:46:37.322267" elapsed="0.049972"/>
</kw>
<kw name="Fill Text" owner="Browser">
<msg time="2024-03-18T18:46:37.375238" level="INFO">Fills the text '1000' in the given field.</msg>
<arg>css=input[name=addressNumber]</arg>
<arg>${dog_walker}[number]</arg>
<tag>PageContent</tag>
<tag>Setter</tag>
<doc>Clears and fills the given ``txt`` into the text field found by ``selector``.</doc>
<status status="PASS" start="2024-03-18T18:46:37.373240" elapsed="0.050970"/>
</kw>
<kw name="Fill Text" owner="Browser">
<msg time="2024-03-18T18:46:37.426209" level="INFO">Fills the text 'Apto 28' in the given field.</msg>
<arg>css=input[name=addressDetails]</arg>
<arg>${dog_walker}[details]</arg>
<tag>PageContent</tag>
<tag>Setter</tag>
<doc>Clears and fills the given ``txt`` into the text field found by ``selector``.</doc>
<status status="PASS" start="2024-03-18T18:46:37.425209" elapsed="0.043976"/>
</kw>
<arg>${dog_walker}</arg>
<status status="PASS" start="2024-03-18T18:46:36.549923" elapsed="0.919262"/>
</kw>
<kw name="Submit signup form">
<kw name="Click" owner="Browser">
<arg>css=.button-register</arg>
<tag>PageContent</tag>
<tag>Setter</tag>
<doc>Simulates mouse click on the element found by ``selector``.</doc>
<status status="PASS" start="2024-03-18T18:46:37.471183" elapsed="0.086950"/>
</kw>
<status status="PASS" start="2024-03-18T18:46:37.470182" elapsed="0.088951"/>
</kw>
<kw name="Popup should be">
<kw name="Wait For Elements State" owner="Browser">
<msg time="2024-03-18T18:46:38.416443" level="INFO">Waited for Element with selector css=.swal2-html-container at state visible</msg>
<arg>css=.swal2-html-container</arg>
<arg>visible</arg>
<arg>5</arg>
<tag>PageContent</tag>
<tag>Wait</tag>
<doc>Waits for the element found by ``selector`` to satisfy state option.</doc>
<status status="PASS" start="2024-03-18T18:46:37.565130" elapsed="0.851313"/>
</kw>
<kw name="Get Text" owner="Browser">
<msg time="2024-03-18T18:46:38.449373" level="INFO">Text: 'Recebemos o seu cadastro e em breve retornaremos o contato.'</msg>
<arg>css=.swal2-html-container</arg>
<arg>equal</arg>
<arg>${expected_text}</arg>
<tag>Assertion</tag>
<tag>Getter</tag>
<tag>PageContent</tag>
<doc>Returns text attribute of the element found by ``selector``.</doc>
<status status="PASS" start="2024-03-18T18:46:38.417444" elapsed="0.031929"/>
</kw>
<arg>Recebemos o seu cadastro e em breve retornaremos o contato.</arg>
<status status="PASS" start="2024-03-18T18:46:37.564130" elapsed="0.885243"/>
</kw>
<status status="PASS" start="2024-03-18T18:46:30.457480" elapsed="7.992891"/>
</test>
<doc>Suite de testes de cadastro de dog walker</doc>
<status status="PASS" start="2024-03-18T18:46:28.105784" elapsed="10.602304"/>
</suite>
<statistics>
<total>
<stat pass="1" fail="0" skip="0">All Tests</stat>
</total>
<tag>
</tag>
<suite>
<stat pass="1" fail="0" skip="0" id="s1" name="Signup">Signup</stat>
</suite>
</statistics>
<errors>
</errors>
</robot>
